<?xml version="1.0" encoding="UTF-8"?>
<!-- Generated by org.testng.reporters.JUnitXMLReporter -->
<testsuite hostname="Liku" ignored="1" name="Google_Test" tests="7" failures="0" timestamp="27 Jan 2019 06:41:40 GMT" time="6.919" errors="0">
  <testcase name="Post" time="3.083" classname="rest_assured.rest_assured.GooglePost"/>
  <testcase name="DeletePlace" time="0.273" classname="rest_assured.rest_assured.GoogleDelete"/>
  <testcase name="Get" time="1.518" classname="rest_assured.rest_assured.GoogleJsonParsing"/>
  <testcase name="googlePostWithJsonFile" time="0.153" classname="rest_assured.rest_assured.GooglePost_Json"/>
  <testcase name="Get" time="0.874" classname="rest_assured.rest_assured.GoogleGet"/>
  <testcase name="PostCallUsingXML" time="0.199" classname="rest_assured.rest_assured.GooglePost_Xml"/>
  <testcase name="GetCall" time="0.768" classname="restAssured.Demo.Basic1"/>
  <testcase name="Book" time="0.0" classname="rest_assured.rest_assured.LibraryPostWithParametrisedBody">
    <ignored/>
  </testcase> <!-- Book -->
</testsuite> <!-- Google_Test -->
